Traceback (most recent call last):
  File "/home/nabeel/.config/sublime-text/Installed Packages/LSP.sublime-package/plugin/core/windows.py", line 415, in destroy
  File "/home/nabeel/.config/sublime-text/Installed Packages/LSP.sublime-package/plugin/core/windows.py", line 355, in _end_sessions_async
  File "/home/nabeel/.config/sublime-text/Installed Packages/LSP.sublime-package/plugin/core/sessions.py", line 2276, in end_async
  File "/home/nabeel/.config/sublime-text/Installed Packages/LSP.sublime-package/plugin/session_view.py", line 289, in shutdown_async
  File "/home/nabeel/.config/sublime-text/Installed Packages/LSP.sublime-package/plugin/documents.py", line 269, in on_session_shutdown_async
  File "/home/nabeel/.config/sublime-text/Installed Packages/LSP.sublime-package/plugin/session_view.py", line 85, in on_before_remove
  File "/home/nabeel/.config/sublime-text/Installed Packages/LSP.sublime-package/plugin/code_lens.py", line 132, in clear_view
  File "/opt/sublime_text/Lib/python38/sublime.py", line 4008, in update
    for phantom, region in zip(self.phantoms, regions):
TypeError: 'NoneType' object is not iterable
Traceback (most recent call last):
  File "/home/nabeel/.config/sublime-text/Installed Packages/LSP.sublime-package/plugin/documents.py", line 1063, in clear_async
  File "/home/nabeel/.config/sublime-text/Installed Packages/LSP.sublime-package/plugin/session_view.py", line 85, in on_before_remove
  File "/home/nabeel/.config/sublime-text/Installed Packages/LSP.sublime-package/plugin/code_lens.py", line 132, in clear_view
  File "/opt/sublime_text/Lib/python38/sublime.py", line 4008, in update
    for phantom, region in zip(self.phantoms, regions):
TypeError: 'NoneType' object is not iterable
LSP: LSP-typescript crashed (1 / 5 times in the last 180.0 seconds), exit code -9, exception: None
Exception ignored in: <function WindowProgressReporter.__del__ at 0x7830db77d040>
Traceback (most recent call last):
  File "/home/nabeel/.config/sublime-text/Installed Packages/LSP.sublime-package/plugin/core/progress.py", line 59, in __del__
  File "/opt/sublime_text/Lib/python38/sublime.py", line 1585, in views
    return [View(x) for x in view_ids]
TypeError: 'NoneType' object is not iterable
